
> sploot@0.1.0 test /Users/phaedrus/Development/sploot
> vitest

[33mThe CJS build of Vite's Node API is deprecated. See https://vite.dev/guide/troubleshooting.html#vite-cjs-node-api-deprecated for more details.[39m

 DEV  v2.1.9 /Users/phaedrus/Development/sploot

 â¯ __tests__/integration/search-flow.test.ts (0 test)
stdout | __tests__/api/cron/process-embeddings.test.ts > /api/cron/process-embeddings > Asset Discovery > should return success when no assets need processing
[cron] Found 0 assets needing embeddings

stdout | __tests__/api/cron/process-embeddings.test.ts > /api/cron/process-embeddings > Asset Discovery > should find assets older than 1 hour with no embedding
[cron] Found 0 assets needing embeddings

stdout | __tests__/api/cron/process-embeddings.test.ts > /api/cron/process-embeddings > Asset Discovery > should process batch of 10 assets maximum
[cron] Found 0 assets needing embeddings

stdout | __tests__/api/cron/process-embeddings.test.ts > /api/cron/process-embeddings > Asset Discovery > should process oldest assets first
[cron] Found 0 assets needing embeddings

stdout | __tests__/api/cron/process-embeddings.test.ts > /api/cron/process-embeddings > Embedding Processing > should successfully process assets and generate embeddings
[cron] Found 2 assets needing embeddings
[cron] Processing asset asset-1 (created Thu Oct 02 2025 12:27:25 GMT-0500 (Central Daylight Time))
[cron] Successfully generated embedding for asset asset-1 (0ms)
[cron] Processing asset asset-2 (created Thu Oct 02 2025 11:27:25 GMT-0500 (Central Daylight Time))
[cron] Successfully generated embedding for asset asset-2 (0ms)
[cron] Processing complete: {
  totalTime: '0ms',
  processed: 2,
  successful: 2,
  failed: 0,
  successRate: '100%',
  avgProcessingTime: '0ms'
}

stdout | __tests__/api/cron/process-embeddings.test.ts > /api/cron/process-embeddings > Embedding Processing > should call upsertAssetEmbedding with correct parameters
[cron] Found 1 assets needing embeddings
[cron] Processing asset asset-123 (created Thu Oct 02 2025 12:27:25 GMT-0500 (Central Daylight Time))
[cron] Successfully generated embedding for asset asset-123 (0ms)
[cron] Processing complete: {
  totalTime: '0ms',
  processed: 1,
  successful: 1,
  failed: 0,
  successRate: '100%',
  avgProcessingTime: '0ms'
}

stdout | __tests__/api/cron/process-embeddings.test.ts > /api/cron/process-embeddings > Embedding Processing > should handle embedding generation failure
[cron] Found 1 assets needing embeddings
[cron] Processing asset asset-fail (created Thu Oct 02 2025 12:27:25 GMT-0500 (Central Daylight Time))
[cron] Processing complete: {
  totalTime: '0ms',
  processed: 1,
  successful: 0,
  failed: 1,
  successRate: '0%',
  avgProcessingTime: '0ms'
}

stdout | __tests__/api/cron/process-embeddings.test.ts > /api/cron/process-embeddings > Embedding Processing > should continue processing after single asset failure
[cron] Found 2 assets needing embeddings
[cron] Processing asset asset-fail (created Thu Oct 02 2025 11:27:25 GMT-0500 (Central Daylight Time))
[cron] Processing asset asset-success (created Thu Oct 02 2025 12:27:25 GMT-0500 (Central Daylight Time))
[cron] Successfully generated embedding for asset asset-success (0ms)
[cron] Processing complete: {
  totalTime: '0ms',
  processed: 2,
  successful: 1,
  failed: 1,
  successRate: '50%',
  avgProcessingTime: '0ms'
}

stdout | __tests__/api/cron/process-embeddings.test.ts > /api/cron/process-embeddings > Embedding Processing > should handle upsert failure
[cron] Found 1 assets needing embeddings
[cron] Processing asset asset-upsert-fail (created Thu Oct 02 2025 12:27:25 GMT-0500 (Central Daylight Time))
[cron] Processing complete: {
  totalTime: '0ms',
  processed: 1,
  successful: 0,
  failed: 1,
  successRate: '0%',
  avgProcessingTime: '0ms'
}

stdout | __tests__/api/cron/process-embeddings.test.ts > /api/cron/process-embeddings > Service Availability > should return 503 when embedding service fails to initialize
[cron] Found 1 assets needing embeddings

stdout | __tests__/api/cron/process-embeddings.test.ts > /api/cron/process-embeddings > Statistics > should return correct processing stats
[cron] Found 2 assets needing embeddings
[cron] Processing asset asset-1 (created Thu Oct 02 2025 12:27:25 GMT-0500 (Central Daylight Time))
[cron] Successfully generated embedding for asset asset-1 (0ms)
[cron] Processing asset asset-2 (created Thu Oct 02 2025 12:27:25 GMT-0500 (Central Daylight Time))
[cron] Successfully generated embedding for asset asset-2 (0ms)
[cron] Processing complete: {
  totalTime: '0ms',
  processed: 2,
  successful: 2,
  failed: 0,
  successRate: '100%',
  avgProcessingTime: '0ms'
}

stdout | __tests__/embeddings/embedding-generation.test.ts > Embedding Generation Test Suite > Background Embedding Generation > should generate embeddings in background within 10 seconds
[EmbeddingQueue] Successfully generated embedding for asset-123

stdout | __tests__/api/cron/process-embeddings.test.ts > /api/cron/process-embeddings > Statistics > should calculate success rate correctly with failures
[cron] Found 10 assets needing embeddings
[cron] Processing asset asset-0 (created Thu Oct 02 2025 12:27:25 GMT-0500 (Central Daylight Time))
[cron] Successfully generated embedding for asset asset-0 (0ms)
[cron] Processing asset asset-1 (created Thu Oct 02 2025 12:27:25 GMT-0500 (Central Daylight Time))
[cron] Successfully generated embedding for asset asset-1 (0ms)
[cron] Processing asset asset-2 (created Thu Oct 02 2025 12:27:25 GMT-0500 (Central Daylight Time))
[cron] Processing asset asset-3 (created Thu Oct 02 2025 12:27:25 GMT-0500 (Central Daylight Time))
[cron] Successfully generated embedding for asset asset-3 (0ms)
[cron] Processing asset asset-4 (created Thu Oct 02 2025 12:27:25 GMT-0500 (Central Daylight Time))
[cron] Processing asset asset-5 (created Thu Oct 02 2025 12:27:25 GMT-0500 (Central Daylight Time))
[cron] Successfully generated embedding for asset asset-5 (0ms)
[cron] Processing asset asset-6 (created Thu Oct 02 2025 12:27:25 GMT-0500 (Central Daylight Time))
[cron] Successfully generated embedding for asset asset-6 (0ms)
[cron] Processing asset asset-7 (created Thu Oct 02 2025 12:27:25 GMT-0500 (Central Daylight Time))
[cron] Successfully generated embedding for asset asset-7 (0ms)
[cron] Processing asset asset-8 (created Thu Oct 02 2025 12:27:25 GMT-0500 (Central Daylight Time))
[cron] Processing asset asset-9 (created Thu Oct 02 2025 12:27:25 GMT-0500 (Central Daylight Time))
[cron] Successfully generated embedding for asset asset-9 (0ms)
[cron] Processing complete: {
  totalTime: '0ms',
  processed: 10,
  successful: 7,
  failed: 3,
  successRate: '70%',
  avgProcessingTime: '0ms'
}

stdout | __tests__/api/cron/process-embeddings.test.ts > /api/cron/process-embeddings > Statistics > should calculate average processing time correctly
[cron] Found 1 assets needing embeddings
[cron] Processing asset asset-1 (created Thu Oct 02 2025 12:27:25 GMT-0500 (Central Daylight Time))
[cron] Successfully generated embedding for asset asset-1 (0ms)
[cron] Processing complete: {
  totalTime: '0ms',
  processed: 1,
  successful: 1,
  failed: 0,
  successRate: '100%',
  avgProcessingTime: '0ms'
}

stdout | __tests__/api/cron/process-embeddings.test.ts > /api/cron/process-embeddings > Statistics > should handle zero success rate correctly
[cron] Found 1 assets needing embeddings
[cron] Processing asset asset-fail (created Thu Oct 02 2025 12:27:25 GMT-0500 (Central Daylight Time))
[cron] Processing complete: {
  totalTime: '0ms',
  processed: 1,
  successful: 0,
  failed: 1,
  successRate: '0%',
  avgProcessingTime: '0ms'
}

 âœ“ __tests__/api/cron/process-embeddings.test.ts (19 tests) 10ms
 â¯ __tests__/integration/upload-flow.test.ts (0 test)
stdout | __tests__/embeddings/embedding-generation.test.ts > Embedding Generation Test Suite > Background Embedding Generation > should process queue in FIFO order with priority support
[EmbeddingQueue] Successfully generated embedding for normal-1
[EmbeddingQueue] Successfully generated embedding for high-1
[EmbeddingQueue] Successfully generated embedding for normal-2

stdout | __tests__/embeddings/embedding-generation.test.ts > Embedding Generation Test Suite > Retry Logic > should automatically retry failed embeddings with exponential backoff
[EmbeddingQueue] Successfully generated embedding for retry-test

stdout | __tests__/e2e/batch-upload.spec.ts > E2E: Batch Upload > should upload 5 images simultaneously
[EmbeddingQueue] Successfully generated embedding for asset-upload-2

stdout | __tests__/e2e/batch-upload.spec.ts > E2E: Batch Upload > should upload 5 images simultaneously
[EmbeddingQueue] Successfully generated embedding for asset-upload-1

stdout | __tests__/e2e/batch-upload.spec.ts > E2E: Batch Upload > should upload 5 images simultaneously
[EmbeddingQueue] Successfully generated embedding for asset-upload-3

stdout | __tests__/e2e/batch-upload.spec.ts > E2E: Batch Upload > should upload 5 images simultaneously
[EmbeddingQueue] Successfully generated embedding for asset-upload-5

stdout | __tests__/e2e/batch-upload.spec.ts > E2E: Batch Upload > should upload 5 images simultaneously
[EmbeddingQueue] Successfully generated embedding for asset-upload-4

stdout | __tests__/e2e/batch-upload.spec.ts > E2E: Batch Upload > should show "uploading" state immediately for all files
[EmbeddingQueue] Successfully generated embedding for asset-upload-2

stdout | __tests__/api/cron/purge-deleted-assets.test.ts > /api/cron/purge-deleted-assets > Asset Purging > should return success when no assets need purging
[cron] Found 0 assets to purge (deleted >2025-09-02T19:27:25.876Z)

stdout | __tests__/api/cron/purge-deleted-assets.test.ts > /api/cron/purge-deleted-assets > Asset Purging > should only delete assets where deletedAt > 30 days ago
[cron] Found 0 assets to purge (deleted >2025-09-02T19:27:25.877Z)

stdout | __tests__/api/cron/purge-deleted-assets.test.ts > /api/cron/purge-deleted-assets > Asset Purging > should successfully purge assets older than 30 days
[cron] Found 2 assets to purge (deleted >2025-09-02T19:27:25.877Z)
[cron] Purging asset asset-old-1 (deleted Thu Aug 28 2025 14:27:25 GMT-0500 (Central Daylight Time))
[cron]   Deleted blob: https://blob.vercel-storage.com/old-1.jpg
[cron]   Deleted blob: https://blob.vercel-storage.com/old-1-thumb.jpg
[cron]   Successfully purged asset asset-old-1
[cron] Purging asset asset-old-2 (deleted Mon Sep 01 2025 14:27:25 GMT-0500 (Central Daylight Time))
[cron]   Deleted blob: https://blob.vercel-storage.com/old-2.jpg
[cron]   Successfully purged asset asset-old-2
[cron] Purge complete: {
  totalTime: '0ms',
  found: 2,
  purged: 2,
  failed: 0,
  blobsDeleted: 3,
  successRate: '100%'
}

stdout | __tests__/api/cron/purge-deleted-assets.test.ts > /api/cron/purge-deleted-assets > Asset Purging > should handle blob deletion failures gracefully
[cron] Found 1 assets to purge (deleted >2025-09-02T19:27:25.878Z)
[cron] Purging asset asset-1 (deleted Thu Aug 28 2025 14:27:25 GMT-0500 (Central Daylight Time))
[cron]   Successfully purged asset asset-1
[cron] Purge complete: {
  totalTime: '1ms',
  found: 1,
  purged: 1,
  failed: 0,
  blobsDeleted: 0,
  successRate: '100%'
}

stdout | __tests__/api/cron/purge-deleted-assets.test.ts > /api/cron/purge-deleted-assets > Asset Purging > should continue processing after single asset failure
[cron] Found 2 assets to purge (deleted >2025-09-02T19:27:25.879Z)
[cron] Purging asset asset-fail (deleted Thu Aug 28 2025 14:27:25 GMT-0500 (Central Daylight Time))
[cron]   Deleted blob: https://blob.vercel-storage.com/fail.jpg
[cron] Purging asset asset-success (deleted Thu Aug 28 2025 14:27:25 GMT-0500 (Central Daylight Time))
[cron]   Deleted blob: https://blob.vercel-storage.com/success.jpg
[cron]   Successfully purged asset asset-success
[cron] Purge complete: {
  totalTime: '0ms',
  found: 2,
  purged: 1,
  failed: 1,
  blobsDeleted: 2,
  successRate: '50%'
}

stdout | __tests__/api/cron/purge-deleted-assets.test.ts > /api/cron/purge-deleted-assets > Asset Purging > should return correct counts (purgedCount, failedCount, blobsDeleted)
[cron] Found 2 assets to purge (deleted >2025-09-02T19:27:25.880Z)
[cron] Purging asset asset-1 (deleted Thu Aug 28 2025 14:27:25 GMT-0500 (Central Daylight Time))
[cron]   Deleted blob: https://blob.vercel-storage.com/1.jpg
[cron]   Deleted blob: https://blob.vercel-storage.com/1-thumb.jpg
[cron]   Successfully purged asset asset-1
[cron] Purging asset asset-2 (deleted Thu Aug 28 2025 14:27:25 GMT-0500 (Central Daylight Time))
[cron]   Deleted blob: https://blob.vercel-storage.com/2.jpg
[cron]   Deleted blob: https://blob.vercel-storage.com/2-thumb.jpg
[cron]   Successfully purged asset asset-2
[cron] Purge complete: {
  totalTime: '0ms',
  found: 2,
  purged: 2,
  failed: 0,
  blobsDeleted: 4,
  successRate: '100%'
}

stdout | __tests__/api/cron/purge-deleted-assets.test.ts > /api/cron/purge-deleted-assets > Asset Purging > should handle empty result set (no assets to purge)
[cron] Found 0 assets to purge (deleted >2025-09-02T19:27:25.881Z)

stdout | __tests__/api/cron/purge-deleted-assets.test.ts > /api/cron/purge-deleted-assets > Asset Purging > should include cutoffDate in response when assets are purged
[cron] Found 1 assets to purge (deleted >2025-09-02T19:27:25.881Z)
[cron] Purging asset asset-1 (deleted Thu Aug 28 2025 14:27:25 GMT-0500 (Central Daylight Time))
[cron]   Deleted blob: https://blob.vercel-storage.com/test.jpg
[cron]   Successfully purged asset asset-1
[cron] Purge complete: {
  totalTime: '0ms',
  found: 1,
  purged: 1,
  failed: 0,
  blobsDeleted: 1,
  successRate: '100%'
}

stdout | __tests__/api/cron/purge-deleted-assets.test.ts > /api/cron/purge-deleted-assets > Asset Purging > should calculate success rate correctly
[cron] Found 10 assets to purge (deleted >2025-09-02T19:27:25.881Z)
[cron] Purging asset asset-0 (deleted Thu Aug 28 2025 14:27:25 GMT-0500 (Central Daylight Time))
[cron]   Deleted blob: https://blob.vercel-storage.com/0.jpg
[cron]   Successfully purged asset asset-0
[cron] Purging asset asset-1 (deleted Thu Aug 28 2025 14:27:25 GMT-0500 (Central Daylight Time))
[cron]   Deleted blob: https://blob.vercel-storage.com/1.jpg
[cron]   Successfully purged asset asset-1
[cron] Purging asset asset-2 (deleted Thu Aug 28 2025 14:27:25 GMT-0500 (Central Daylight Time))
[cron]   Deleted blob: https://blob.vercel-storage.com/2.jpg
[cron] Purging asset asset-3 (deleted Thu Aug 28 2025 14:27:25 GMT-0500 (Central Daylight Time))
[cron]   Deleted blob: https://blob.vercel-storage.com/3.jpg
[cron]   Successfully purged asset asset-3
[cron] Purging asset asset-4 (deleted Thu Aug 28 2025 14:27:25 GMT-0500 (Central Daylight Time))
[cron]   Deleted blob: https://blob.vercel-storage.com/4.jpg
[cron] Purging asset asset-5 (deleted Thu Aug 28 2025 14:27:25 GMT-0500 (Central Daylight Time))
[cron]   Deleted blob: https://blob.vercel-storage.com/5.jpg
[cron]   Successfully purged asset asset-5
[cron] Purging asset asset-6 (deleted Thu Aug 28 2025 14:27:25 GMT-0500 (Central Daylight Time))
[cron]   Deleted blob: https://blob.vercel-storage.com/6.jpg
[cron]   Successfully purged asset asset-6
[cron] Purging asset asset-7 (deleted Thu Aug 28 2025 14:27:25 GMT-0500 (Central Daylight Time))
[cron]   Deleted blob: https://blob.vercel-storage.com/7.jpg
[cron]   Successfully purged asset asset-7
[cron] Purging asset asset-8 (deleted Thu Aug 28 2025 14:27:25 GMT-0500 (Central Daylight Time))
[cron]   Deleted blob: https://blob.vercel-storage.com/8.jpg
[cron] Purging asset asset-9 (deleted Thu Aug 28 2025 14:27:25 GMT-0500 (Central Daylight Time))
[cron]   Deleted blob: https://blob.vercel-storage.com/9.jpg
[cron]   Successfully purged asset asset-9
[cron] Purge complete: {
  totalTime: '1ms',
  found: 10,
  purged: 7,
  failed: 3,
  blobsDeleted: 10,
  successRate: '70%'
}

stdout | __tests__/api/cron/purge-deleted-assets.test.ts > /api/cron/purge-deleted-assets > Asset Purging > should delete both blobUrl and thumbnailUrl when present
[cron] Found 1 assets to purge (deleted >2025-09-02T19:27:25.882Z)
[cron] Purging asset asset-with-thumb (deleted Thu Aug 28 2025 14:27:25 GMT-0500 (Central Daylight Time))
[cron]   Deleted blob: https://blob.vercel-storage.com/main.jpg
[cron]   Deleted blob: https://blob.vercel-storage.com/thumb.jpg
[cron]   Successfully purged asset asset-with-thumb
[cron] Purge complete: {
  totalTime: '0ms',
  found: 1,
  purged: 1,
  failed: 0,
  blobsDeleted: 2,
  successRate: '100%'
}

 âœ“ __tests__/api/cron/purge-deleted-assets.test.ts (16 tests) 10ms
stdout | __tests__/api/cron/purge-deleted-assets.test.ts > /api/cron/purge-deleted-assets > Asset Purging > should only delete blobUrl when thumbnailUrl is null
[cron] Found 1 assets to purge (deleted >2025-09-02T19:27:25.882Z)
[cron] Purging asset asset-no-thumb (deleted Thu Aug 28 2025 14:27:25 GMT-0500 (Central Daylight Time))
[cron]   Deleted blob: https://blob.vercel-storage.com/main.jpg
[cron]   Successfully purged asset asset-no-thumb
[cron] Purge complete: {
  totalTime: '0ms',
  found: 1,
  purged: 1,
  failed: 0,
  blobsDeleted: 1,
  successRate: '100%'
}

 âœ“ __tests__/contexts/filter-context.test.tsx (23 tests) 33ms
stdout | __tests__/e2e/batch-upload.spec.ts > E2E: Batch Upload > should show "uploading" state immediately for all files
[EmbeddingQueue] Successfully generated embedding for asset-upload-4

stdout | __tests__/e2e/batch-upload.spec.ts > E2E: Batch Upload > should show "uploading" state immediately for all files
[EmbeddingQueue] Successfully generated embedding for asset-upload-3

stdout | __tests__/e2e/batch-upload.spec.ts > E2E: Batch Upload > should show "uploading" state immediately for all files
[EmbeddingQueue] Successfully generated embedding for asset-upload-1

stdout | __tests__/e2e/batch-upload.spec.ts > E2E: Batch Upload > should show "uploading" state immediately for all files
[EmbeddingQueue] Successfully generated embedding for asset-upload-5

stdout | __tests__/e2e/batch-upload.spec.ts > E2E: Batch Upload > should complete all uploads within 5 seconds
[EmbeddingQueue] Successfully generated embedding for asset-upload-2

stdout | __tests__/e2e/batch-upload.spec.ts > E2E: Batch Upload > should complete all uploads within 5 seconds
[EmbeddingQueue] Successfully generated embedding for asset-upload-5

stdout | __tests__/e2e/batch-upload.spec.ts > E2E: Batch Upload > should complete all uploads within 5 seconds
[EmbeddingQueue] Successfully generated embedding for asset-upload-4

stdout | __tests__/e2e/batch-upload.spec.ts > E2E: Batch Upload > should complete all uploads within 5 seconds
[EmbeddingQueue] Successfully generated embedding for asset-upload-3

stdout | __tests__/e2e/batch-upload.spec.ts > E2E: Batch Upload > should complete all uploads within 5 seconds
[EmbeddingQueue] Successfully generated embedding for asset-upload-1
Batch Upload Performance:
Total time for 5 uploads: 255ms
Average per upload: 51ms

stdout | __tests__/api/cron/audit-assets.test.ts > /api/cron/audit-assets > Asset Auditing > should return success when no assets exist
[cron] Auditing 0 assets across all users...

stdout | __tests__/api/cron/audit-assets.test.ts > /api/cron/audit-assets > Asset Auditing > should correctly identify valid assets
[cron] Auditing 2 assets across all users...
[cron] Audit complete: {
  totalTime: '0ms',
  totalAssets: 2,
  valid: 2,
  broken: 0,
  errors: 0,
  percentBroken: '0.00%',
  usersAffected: 0
}

stdout | __tests__/api/cron/audit-assets.test.ts > /api/cron/audit-assets > Asset Auditing > should correctly identify broken assets (404)
[cron] Auditing 2 assets across all users...
[cron] Audit complete: {
  totalTime: '0ms',
  totalAssets: 2,
  valid: 0,
  broken: 2,
  errors: 0,
  percentBroken: '100.00%',
  usersAffected: 1
}

stdout | __tests__/api/cron/audit-assets.test.ts > /api/cron/audit-assets > Asset Auditing > should track broken assets per user
[cron] Auditing 3 assets across all users...
[cron] Audit complete: {
  totalTime: '0ms',
  totalAssets: 3,
  valid: 0,
  broken: 3,
  errors: 0,
  percentBroken: '100.00%',
  usersAffected: 2
}

stdout | __tests__/api/cron/audit-assets.test.ts > /api/cron/audit-assets > Asset Auditing > should send alert when >10 broken assets found
[cron] Auditing 12 assets across all users...
[cron] Audit complete: {
  totalTime: '0ms',
  totalAssets: 12,
  valid: 0,
  broken: 12,
  errors: 0,
  percentBroken: '100.00%',
  usersAffected: 1
}

stdout | __tests__/api/cron/audit-assets.test.ts > /api/cron/audit-assets > Asset Auditing > should not send alert when â‰¤10 broken assets found
[cron] Auditing 10 assets across all users...
[cron] Audit complete: {
  totalTime: '0ms',
  totalAssets: 10,
  valid: 0,
  broken: 10,
  errors: 0,
  percentBroken: '100.00%',
  usersAffected: 1
}

stdout | __tests__/api/cron/audit-assets.test.ts > /api/cron/audit-assets > Asset Auditing > should handle fetch errors gracefully
[cron] Auditing 2 assets across all users...
[cron] Audit complete: {
  totalTime: '0ms',
  totalAssets: 2,
  valid: 0,
  broken: 0,
  errors: 2,
  percentBroken: '0.00%',
  usersAffected: 0
}

stdout | __tests__/api/cron/audit-assets.test.ts > /api/cron/audit-assets > Asset Auditing > should handle mixed results (valid, broken, error)
[cron] Auditing 3 assets across all users...
[cron] Audit complete: {
  totalTime: '1ms',
  totalAssets: 3,
  valid: 1,
  broken: 1,
  errors: 1,
  percentBroken: '33.33%',
  usersAffected: 1
}

stdout | __tests__/api/cron/audit-assets.test.ts > /api/cron/audit-assets > Asset Auditing > should only audit non-deleted assets
[cron] Auditing 0 assets across all users...

stdout | __tests__/api/cron/audit-assets.test.ts > /api/cron/audit-assets > Asset Auditing > should use HEAD request for blob checks
[cron] Auditing 1 assets across all users...
[cron] Audit complete: {
  totalTime: '0ms',
  totalAssets: 1,
  valid: 1,
  broken: 0,
  errors: 0,
  percentBroken: '0.00%',
  usersAffected: 0
}

stdout | __tests__/api/cron/audit-assets.test.ts > /api/cron/audit-assets > Asset Auditing > should include timeout in blob checks
[cron] Auditing 1 assets across all users...
[cron] Audit complete: {
  totalTime: '0ms',
  totalAssets: 1,
  valid: 1,
  broken: 0,
  errors: 0,
  percentBroken: '0.00%',
  usersAffected: 0
}

 âœ“ __tests__/api/cron/audit-assets.test.ts (16 tests) 9ms
 â¯ __tests__/api/search.test.ts (0 test)
stdout | __tests__/e2e/batch-upload.spec.ts > E2E: Batch Upload > should make all images searchable within 15 seconds
[EmbeddingQueue] Successfully generated embedding for asset-upload-1

stdout | __tests__/e2e/batch-upload.spec.ts > E2E: Batch Upload > should make all images searchable within 15 seconds
[EmbeddingQueue] Successfully generated embedding for asset-upload-2

stdout | __tests__/e2e/batch-upload.spec.ts > E2E: Batch Upload > should make all images searchable within 15 seconds
[EmbeddingQueue] Successfully generated embedding for asset-upload-3

stdout | __tests__/e2e/batch-upload.spec.ts > E2E: Batch Upload > should make all images searchable within 15 seconds
[EmbeddingQueue] Successfully generated embedding for asset-upload-4

stdout | __tests__/e2e/batch-upload.spec.ts > E2E: Batch Upload > should make all images searchable within 15 seconds
[EmbeddingQueue] Successfully generated embedding for asset-upload-5

stdout | __tests__/e2e/batch-upload.spec.ts > E2E: Batch Upload > should make all images searchable within 15 seconds
Time to Searchable:
Total time: 378ms
upload-1: Upload 128ms, Embedding 250ms, Total 378ms
upload-2: Upload 210ms, Embedding 168ms, Total 378ms
upload-3: Upload 230ms, Embedding 148ms, Total 378ms
upload-4: Upload 259ms, Embedding 119ms, Total 378ms
upload-5: Upload 276ms, Embedding 102ms, Total 378ms

stdout | __tests__/e2e/batch-upload.spec.ts > E2E: Batch Upload > should find uploaded images through search
[EmbeddingQueue] Successfully generated embedding for asset-upload-1

stdout | __tests__/e2e/batch-upload.spec.ts > E2E: Batch Upload > should find uploaded images through search
[EmbeddingQueue] Successfully generated embedding for asset-upload-5

stdout | __tests__/e2e/batch-upload.spec.ts > E2E: Batch Upload > should find uploaded images through search
[EmbeddingQueue] Successfully generated embedding for asset-upload-2
[EmbeddingQueue] Successfully generated embedding for asset-upload-4

stdout | __tests__/e2e/batch-upload.spec.ts > E2E: Batch Upload > should find uploaded images through search
[EmbeddingQueue] Successfully generated embedding for asset-upload-3

stderr | __tests__/components/chrome/search-bar-elastic.test.tsx > SearchBarElastic > Keyboard Navigation > should focus search input when / shortcut is triggered
An update to SearchBarElastic inside a test was not wrapped in act(...).

When testing, code that causes React state updates should be wrapped into act(...):

act(() => {
  /* fire events that update state */
});
/* assert on the output */

This ensures that you're testing the behavior the user would see in the browser. Learn more at https://react.dev/link/wrap-tests-with-act
An update to SearchBarElastic inside a test was not wrapped in act(...).

When testing, code that causes React state updates should be wrapped into act(...):

act(() => {
  /* fire events that update state */
});
/* assert on the output */

This ensures that you're testing the behavior the user would see in the browser. Learn more at https://react.dev/link/wrap-tests-with-act

 âœ“ __tests__/components/chrome/command-palette.test.tsx (30 tests) 334ms
 âœ“ __tests__/components/chrome/search-bar-elastic.test.tsx (32 tests) 318ms
stdout | __tests__/e2e/batch-upload.spec.ts > E2E: Batch Upload > should handle concurrent uploads efficiently
[EmbeddingQueue] Successfully generated embedding for asset-upload-5

stdout | __tests__/e2e/batch-upload.spec.ts > E2E: Batch Upload > should handle concurrent uploads efficiently
[EmbeddingQueue] Successfully generated embedding for asset-upload-1

stdout | __tests__/e2e/batch-upload.spec.ts > E2E: Batch Upload > should handle concurrent uploads efficiently
[EmbeddingQueue] Successfully generated embedding for asset-upload-4

stdout | __tests__/e2e/batch-upload.spec.ts > E2E: Batch Upload > should handle concurrent uploads efficiently
[EmbeddingQueue] Successfully generated embedding for asset-upload-2

stdout | __tests__/e2e/batch-upload.spec.ts > E2E: Batch Upload > should handle concurrent uploads efficiently
[EmbeddingQueue] Successfully generated embedding for asset-upload-3

stdout | __tests__/e2e/batch-upload.spec.ts > E2E: Batch Upload > should track performance metrics accurately
[EmbeddingQueue] Successfully generated embedding for asset-upload-3

stdout | __tests__/e2e/batch-upload.spec.ts > E2E: Batch Upload > should track performance metrics accurately
[EmbeddingQueue] Successfully generated embedding for asset-upload-1

stdout | __tests__/e2e/batch-upload.spec.ts > E2E: Batch Upload > should track performance metrics accurately
[EmbeddingQueue] Successfully generated embedding for asset-upload-4

 âœ“ __tests__/components/chrome/view-mode-toggle.test.tsx (36 tests) 122ms
 âœ“ __tests__/components/chrome/filter-chips.test.tsx (32 tests) 125ms
stdout | __tests__/e2e/batch-upload.spec.ts > E2E: Batch Upload > should track performance metrics accurately
[EmbeddingQueue] Successfully generated embedding for asset-upload-2

stdout | __tests__/e2e/batch-upload.spec.ts > E2E: Batch Upload > should track performance metrics accurately
[EmbeddingQueue] Successfully generated embedding for asset-upload-5
Performance Metrics:
Average upload time: 207.4ms
Max upload time: 296.0ms

stdout | __tests__/e2e/batch-upload.spec.ts > E2E: Batch Upload > should handle upload errors gracefully
[EmbeddingQueue] Successfully generated embedding for asset-upload-1

stdout | __tests__/e2e/batch-upload.spec.ts > E2E: Batch Upload > should handle upload errors gracefully
[EmbeddingQueue] Successfully generated embedding for asset-upload-3

stdout | __tests__/e2e/batch-upload.spec.ts > E2E: Batch Upload > should maintain upload order in results
[EmbeddingQueue] Successfully generated embedding for asset-upload-3

stdout | __tests__/lib/distributed-queue.test.ts > DistributedQueue > Retry Logic > should retry failed items with exponential backoff
[DistributedQueue] Retrying item 1759433248001-zt0fcvk24 (attempt 1) after 2000ms
[DistributedQueue] Retrying item 1759433248001-zt0fcvk24 (attempt 2) after 4000ms

stdout | __tests__/lib/distributed-queue.test.ts > DistributedQueue > Retry Logic > should move items to dead letter queue after max retries
[DistributedQueue] Retrying item 1759433248002-0bh9z7qm4 (attempt 1) after 3000ms

stdout | __tests__/lib/distributed-queue.test.ts > DistributedQueue > Dead Letter Queue > should allow retrying dead letter items
[DistributedQueue] Retrying item 1759433248003-3oum1dz3a (attempt 1) after 2000ms

stdout | __tests__/e2e/batch-upload.spec.ts > E2E: Batch Upload > should maintain upload order in results
[EmbeddingQueue] Successfully generated embedding for asset-upload-4

stdout | __tests__/e2e/batch-upload.spec.ts > E2E: Batch Upload > should maintain upload order in results
[EmbeddingQueue] Successfully generated embedding for asset-upload-1

 âœ“ __tests__/components/library/image-tile-error-boundary.test.tsx (19 tests) 86ms
stdout | __tests__/e2e/batch-upload.spec.ts > E2E: Batch Upload > should maintain upload order in results
[EmbeddingQueue] Successfully generated embedding for asset-upload-2

 â¯ __tests__/e2e/batch-upload.spec.ts (10 tests | 1 failed) 2673ms
   âœ“ E2E: Batch Upload > should make all images searchable within 15 seconds 378ms
   âœ“ E2E: Batch Upload > should find uploaded images through search 462ms
   Ã— E2E: Batch Upload > should handle concurrent uploads efficiently 290ms
     â†’ expected 5 to be less than or equal to 3
stdout | __tests__/e2e/batch-upload.spec.ts > E2E: Batch Upload > should maintain upload order in results
[EmbeddingQueue] Successfully generated embedding for asset-upload-5

stdout | __tests__/lib/distributed-queue.test.ts > DistributedQueue > Error Classification > should classify errors correctly
[DistributedQueue] Retrying item 1759433248207-fzwm0az1w (attempt 1) after 5000ms

stdout | __tests__/lib/distributed-queue.test.ts > DistributedQueue > Error Classification > should classify errors correctly
[DistributedQueue] Retrying item 1759433248219-tfaotxhn7 (attempt 1) after 2000ms

stdout | __tests__/lib/distributed-queue.test.ts > DistributedQueue > Error Classification > should classify errors correctly
[DistributedQueue] Retrying item 1759433248229-epe0w5iwv (attempt 1) after 3000ms

stderr | __tests__/lib/distributed-queue.test.ts > DistributedQueue > Error Classification > should classify errors correctly
[DistributedQueue] Item 1759433248241-k084f1n4a moved to deadletter after 1 retries: Error: Invalid request format
    at /Users/phaedrus/Development/sploot/__tests__/lib/distributed-queue.test.ts:283:63
    at file:///Users/phaedrus/Development/sploot/node_modules/.pnpm/@vitest+runner@2.1.9/node_modules/@vitest/runner/dist/index.js:533:5
    at runTest (file:///Users/phaedrus/Development/sploot/node_modules/.pnpm/@vitest+runner@2.1.9/node_modules/@vitest/runner/dist/index.js:1056:11)
    at runSuite (file:///Users/phaedrus/Development/sploot/node_modules/.pnpm/@vitest+runner@2.1.9/node_modules/@vitest/runner/dist/index.js:1205:15)
    at runSuite (file:///Users/phaedrus/Development/sploot/node_modules/.pnpm/@vitest+runner@2.1.9/node_modules/@vitest/runner/dist/index.js:1205:15)
    at runSuite (file:///Users/phaedrus/Development/sploot/node_modules/.pnpm/@vitest+runner@2.1.9/node_modules/@vitest/runner/dist/index.js:1205:15)
    at runFiles (file:///Users/phaedrus/Development/sploot/node_modules/.pnpm/@vitest+runner@2.1.9/node_modules/@vitest/runner/dist/index.js:1262:5)
    at startTests (file:///Users/phaedrus/Development/sploot/node_modules/.pnpm/@vitest+runner@2.1.9/node_modules/@vitest/runner/dist/index.js:1271:3)
    at file:///Users/phaedrus/Development/sploot/node_modules/.pnpm/vitest@2.1.9_@types+node@20.19.14_@vitest+ui@2.1.9_jsdom@25.0.1_lightningcss@1.30.1_terser@5.44.0/node_modules/vitest/dist/chunks/runBaseTests.3qpJUEJM.js:126:11
    at withEnv (file:///Users/phaedrus/Development/sploot/node_modules/.pnpm/vitest@2.1.9_@types+node@20.19.14_@vitest+ui@2.1.9_jsdom@25.0.1_lightningcss@1.30.1_terser@5.44.0/node_modules/vitest/dist/chunks/runBaseTests.3qpJUEJM.js:90:5)

stdout | __tests__/lib/distributed-queue.test.ts > DistributedQueue > Error Classification > should classify errors correctly
[DistributedQueue] Retrying item 1759433248253-zdk1f05qt (attempt 1) after 2000ms

 â¯ __tests__/lib/distributed-queue.test.ts (13 tests | 5 failed) 271ms
   Ã— DistributedQueue > Priority Processing > should maintain FIFO order within same priority 3ms
     â†’ expected [ 'normal-1', 'normal-3' ] to deeply equal [ 'normal-1', 'normal-2', 'normal-3' ]
   Ã— DistributedQueue > Retry Logic > should move items to dead letter queue after max retries 1ms
     â†’ expected +0 to be 1 // Object.is equality
   Ã— DistributedQueue > Retry Logic > should not retry invalid errors 0ms
     â†’ expected +0 to be 1 // Object.is equality
   Ã— DistributedQueue > Dead Letter Queue > should allow retrying dead letter items 0ms
     â†’ expected +0 to be 1 // Object.is equality
   Ã— DistributedQueue > Metrics > should track success metrics 0ms
     â†’ expected 0 to be greater than 0
 â¯ __tests__/api/asset-crud.test.ts (0 test)
 â¯ __tests__/api/assets.test.ts (0 test)
 â¯ __tests__/api/cache-stats.test.ts (0 test)
 â¯ __tests__/lib/db-asset-exists.test.ts (9 tests | 9 failed) 5ms
   Ã— assetExists > when asset exists > should return typed asset metadata 2ms
     â†’ assetExists is not a function
   Ã— assetExists > when asset exists > should use transaction when provided 0ms
     â†’ assetExists is not a function
   Ã— assetExists > when asset exists > should include embedding flag when requested 0ms
     â†’ assetExists is not a function
   Ã— assetExists > when asset does not exist > should return null 0ms
     â†’ assetExists is not a function
   Ã— assetExists > error handling > should throw when database error occurs 0ms
     â†’ assetExists is not a function
   Ã— findOrCreateAsset > when asset does not exist > should create new asset 0ms
     â†’ findOrCreateAsset is not a function
   Ã— findOrCreateAsset > when asset already exists > should return existing asset 0ms
     â†’ findOrCreateAsset is not a function
   Ã— findOrCreateAsset > race condition handling > should handle unique constraint violation 0ms
     â†’ findOrCreateAsset is not a function
   Ã— findOrCreateAsset > race condition handling > should throw on other errors 0ms
     â†’ findOrCreateAsset is not a function
 â¯ __tests__/api/search-advanced.test.ts (0 test)
stderr | __tests__/api/upload-preflight.test.ts > /api/upload/check > POST > should handle authentication errors
Error in upload preflight check: Error: Authentication failed
    at /Users/phaedrus/Development/sploot/__tests__/api/upload-preflight.test.ts:120:51
    at file:///Users/phaedrus/Development/sploot/node_modules/.pnpm/@vitest+runner@2.1.9/node_modules/@vitest/runner/dist/index.js:146:14
    at file:///Users/phaedrus/Development/sploot/node_modules/.pnpm/@vitest+runner@2.1.9/node_modules/@vitest/runner/dist/index.js:533:11
    at runWithTimeout (file:///Users/phaedrus/Development/sploot/node_modules/.pnpm/@vitest+runner@2.1.9/node_modules/@vitest/runner/dist/index.js:39:7)
    at runTest (file:///Users/phaedrus/Development/sploot/node_modules/.pnpm/@vitest+runner@2.1.9/node_modules/@vitest/runner/dist/index.js:1056:17)
    at processTicksAndRejections (node:internal/process/task_queues:105:5)
    at runSuite (file:///Users/phaedrus/Development/sploot/node_modules/.pnpm/@vitest+runner@2.1.9/node_modules/@vitest/runner/dist/index.js:1205:15)
    at runSuite (file:///Users/phaedrus/Development/sploot/node_modules/.pnpm/@vitest+runner@2.1.9/node_modules/@vitest/runner/dist/index.js:1205:15)
    at runSuite (file:///Users/phaedrus/Development/sploot/node_modules/.pnpm/@vitest+runner@2.1.9/node_modules/@vitest/runner/dist/index.js:1205:15)
    at runFiles (file:///Users/phaedrus/Development/sploot/node_modules/.pnpm/@vitest+runner@2.1.9/node_modules/@vitest/runner/dist/index.js:1262:5)

 â¯ __tests__/api/upload-preflight.test.ts (8 tests | 3 failed) 15ms
   Ã— /api/upload/check > POST > should return exists=true with asset data when duplicate found 5ms
     â†’ expected { id: 'asset-123', â€¦(10) } to deeply equal { id: 'asset-123', â€¦(10) }
   Ã— /api/upload/check > POST > should handle database unavailable 0ms
     â†’ jest is not defined
   Ã— Client-side checksum utilities > should calculate SHA256 checksum 4ms
     â†’ file.arrayBuffer is not a function
stdout | __tests__/lib/metrics-collector.test.ts > MetricsCollector > Upload Metrics > should track upload lifecycle
[Metrics] Upload test-upload-1 completed: {
  duration: '0.00s',
  size: '0.00MB',
  throughput: '9.40MB/s',
  chunks: 2,
  retries: 0
}

stdout | __tests__/lib/metrics-collector.test.ts > MetricsCollector > Comprehensive Report > should generate complete metrics report
[Metrics] Upload upload-1 completed: {
  duration: '0.00s',
  size: '1.00MB',
  throughput: '558035.71MB/s',
  chunks: 1,
  retries: 0
}

 âœ“ __tests__/lib/metrics-collector.test.ts (7 tests) 4ms
 â¯ __tests__/api/upload-url.test.ts (8 tests | 7 failed) 4ms
   Ã— /api/upload-url > POST > should return 401 if user is not authenticated 2ms
     â†’ mockAuth.mockResolvedValue is not a function
   Ã— /api/upload-url > POST > should return 400 if filename is missing 0ms
     â†’ mockAuth.mockResolvedValue is not a function
   Ã— /api/upload-url > POST > should return 400 if mimeType is missing 0ms
     â†’ mockAuth.mockResolvedValue is not a function
   Ã— /api/upload-url > POST > should return 400 for invalid file type 0ms
     â†’ mockAuth.mockResolvedValue is not a function
   Ã— /api/upload-url > POST > should successfully generate upload URL for valid image 0ms
     â†’ mockAuth.mockResolvedValue is not a function
   Ã— /api/upload-url > POST > should handle different valid image types 0ms
     â†’ mockAuth.mockResolvedValue is not a function
   Ã— /api/upload-url > POST > should handle blob storage errors gracefully 0ms
     â†’ mockAuth.mockResolvedValue is not a function
 âœ“ __tests__/components/chrome/navbar.test.tsx (14 tests) 71ms
 âœ“ __tests__/api/health.test.ts (2 tests) 2ms
stderr | __tests__/integration/user-journey.test.ts > E2E: user journey in mock mode > allows upload, favorite toggling, and semantic search
Vercel Blob error: BlobAccessError: Vercel Blob: Access denied, please provide a valid token for this resource.
    at getBlobError (file:///Users/phaedrus/Development/sploot/node_modules/.pnpm/@vercel+blob@1.1.1/node_modules/@vercel/blob/src/api.ts:209:15)
    at processTicksAndRejections (node:internal/process/task_queues:105:5)
    at file:///Users/phaedrus/Development/sploot/node_modules/.pnpm/@vercel+blob@1.1.1/node_modules/@vercel/blob/src/api.ts:360:31
    at requestApi (file:///Users/phaedrus/Development/sploot/node_modules/.pnpm/@vercel+blob@1.1.1/node_modules/@vercel/blob/src/api.ts:285:23)
    at Module.put (file:///Users/phaedrus/Development/sploot/node_modules/.pnpm/@vercel+blob@1.1.1/node_modules/@vercel/blob/src/put.ts:63:22)
    at generateUploadUrl (/Users/phaedrus/Development/sploot/app/api/upload-url/route.ts:95:18)
    at POST (/Users/phaedrus/Development/sploot/app/api/upload-url/route.ts:51:40)
    at /Users/phaedrus/Development/sploot/__tests__/integration/user-journey.test.ts:65:23
    at file:///Users/phaedrus/Development/sploot/node_modules/.pnpm/@vitest+runner@2.1.9/node_modules/@vitest/runner/dist/index.js:533:5
    at runTest (file:///Users/phaedrus/Development/sploot/node_modules/.pnpm/@vitest+runner@2.1.9/node_modules/@vitest/runner/dist/index.js:1056:11)
Upload URL generation error: Error: Failed to generate upload URL. Please check your Vercel Blob configuration.
    at generateUploadUrl (/Users/phaedrus/Development/sploot/app/api/upload-url/route.ts:120:11)
    at processTicksAndRejections (node:internal/process/task_queues:105:5)
    at POST (/Users/phaedrus/Development/sploot/app/api/upload-url/route.ts:51:40)
    at /Users/phaedrus/Development/sploot/__tests__/integration/user-journey.test.ts:65:23
    at file:///Users/phaedrus/Development/sploot/node_modules/.pnpm/@vitest+runner@2.1.9/node_modules/@vitest/runner/dist/index.js:533:5
    at runTest (file:///Users/phaedrus/Development/sploot/node_modules/.pnpm/@vitest+runner@2.1.9/node_modules/@vitest/runner/dist/index.js:1056:11)
    at runSuite (file:///Users/phaedrus/Development/sploot/node_modules/.pnpm/@vitest+runner@2.1.9/node_modules/@vitest/runner/dist/index.js:1205:15)
    at runSuite (file:///Users/phaedrus/Development/sploot/node_modules/.pnpm/@vitest+runner@2.1.9/node_modules/@vitest/runner/dist/index.js:1205:15)
    at runFiles (file:///Users/phaedrus/Development/sploot/node_modules/.pnpm/@vitest+runner@2.1.9/node_modules/@vitest/runner/dist/index.js:1262:5)
    at startTests (file:///Users/phaedrus/Development/sploot/node_modules/.pnpm/@vitest+runner@2.1.9/node_modules/@vitest/runner/dist/index.js:1271:3)

 â¯ __tests__/integration/user-journey.test.ts (1 test | 1 failed) 392ms
   Ã— E2E: user journey in mock mode > allows upload, favorite toggling, and semantic search 392ms
     â†’ expected 500 to be 200 // Object.is equality
stdout | __tests__/embeddings/embedding-generation.test.ts > Embedding Generation Test Suite > Concurrent Uploads > should respect MAX_CONCURRENT_UPLOADS limit
[EmbeddingQueue] Successfully generated embedding for concurrent-test-0
[EmbeddingQueue] Successfully generated embedding for concurrent-test-1
[EmbeddingQueue] Successfully generated embedding for concurrent-test-2
[EmbeddingQueue] Successfully generated embedding for concurrent-test-3
[EmbeddingQueue] Successfully generated embedding for concurrent-test-4
[EmbeddingQueue] Successfully generated embedding for concurrent-test-5
[EmbeddingQueue] Successfully generated embedding for concurrent-test-6
[EmbeddingQueue] Successfully generated embedding for concurrent-test-7
[EmbeddingQueue] Successfully generated embedding for concurrent-test-8
[EmbeddingQueue] Successfully generated embedding for concurrent-test-9

stdout | __tests__/embeddings/embedding-generation.test.ts > Embedding Generation Test Suite > Network Interruption Recovery > should recover from network interruption and resume processing
[EmbeddingQueue] Successfully generated embedding for network-recovery-test

stdout | __tests__/embeddings/embedding-generation.test.ts > Embedding Generation Test Suite > Performance Metrics > should track comprehensive performance metrics
[perf] Performance Summary:
â”Œâ”€â”€â”€â”€â”€â”€â”€â”€â”€â”¬â”€â”€â”€â”€â”€â”€â”€â”€â”€â”€â”€â”€â”€â”€â”€â”€â”€â”€â”€â”€â”€â”€â”€â”€â”€â”€â”€â”¬â”€â”€â”€â”€â”€â”€â”€â”€â”€â”¬â”€â”€â”€â”€â”€â”€â”€â”€â”€â”€â”¬â”€â”€â”€â”€â”€â”€â”€â”€â”€â”€â”€â”€â”€â”¬â”€â”€â”€â”€â”€â”€â”€â”€â”€â”€â”¬â”€â”€â”€â”€â”€â”€â”€â”€â”€â”€â”¬â”€â”€â”€â”€â”€â”€â”€â”€â”€â”€â”
â”‚ (index) â”‚ Operation                 â”‚ Samples â”‚ Avg (ms) â”‚ Median (ms) â”‚ Min (ms) â”‚ Max (ms) â”‚ P95 (ms) â”‚
â”œâ”€â”€â”€â”€â”€â”€â”€â”€â”€â”¼â”€â”€â”€â”€â”€â”€â”€â”€â”€â”€â”€â”€â”€â”€â”€â”€â”€â”€â”€â”€â”€â”€â”€â”€â”€â”€â”€â”¼â”€â”€â”€â”€â”€â”€â”€â”€â”€â”¼â”€â”€â”€â”€â”€â”€â”€â”€â”€â”€â”¼â”€â”€â”€â”€â”€â”€â”€â”€â”€â”€â”€â”€â”€â”¼â”€â”€â”€â”€â”€â”€â”€â”€â”€â”€â”¼â”€â”€â”€â”€â”€â”€â”€â”€â”€â”€â”¼â”€â”€â”€â”€â”€â”€â”€â”€â”€â”€â”¤
â”‚ 0       â”‚ 'upload:blob_storage'     â”‚ 1       â”‚ '200.0'  â”‚ '200.0'     â”‚ '200.0'  â”‚ '200.0'  â”‚ '200.0'  â”‚
â”‚ 1       â”‚ 'upload:database_write'   â”‚ 1       â”‚ '50.0'   â”‚ '50.0'      â”‚ '50.0'   â”‚ '50.0'   â”‚ '50.0'   â”‚
â”‚ 2       â”‚ 'embedding:generate'      â”‚ 1       â”‚ '3000.0' â”‚ '3000.0'    â”‚ '3000.0' â”‚ '3000.0' â”‚ '3000.0' â”‚
â”‚ 3       â”‚ 'embedding:queue_wait'    â”‚ 1       â”‚ '100.0'  â”‚ '100.0'     â”‚ '100.0'  â”‚ '100.0'  â”‚ '100.0'  â”‚
â”‚ 4       â”‚ 'embedding:replicate_api' â”‚ 1       â”‚ '2500.0' â”‚ '2500.0'    â”‚ '2500.0' â”‚ '2500.0' â”‚ '2500.0' â”‚
â””â”€â”€â”€â”€â”€â”€â”€â”€â”€â”´â”€â”€â”€â”€â”€â”€â”€â”€â”€â”€â”€â”€â”€â”€â”€â”€â”€â”€â”€â”€â”€â”€â”€â”€â”€â”€â”€â”´â”€â”€â”€â”€â”€â”€â”€â”€â”€â”´â”€â”€â”€â”€â”€â”€â”€â”€â”€â”€â”´â”€â”€â”€â”€â”€â”€â”€â”€â”€â”€â”€â”€â”€â”´â”€â”€â”€â”€â”€â”€â”€â”€â”€â”€â”´â”€â”€â”€â”€â”€â”€â”€â”€â”€â”€â”´â”€â”€â”€â”€â”€â”€â”€â”€â”€â”€â”˜

 â¯ __tests__/embeddings/embedding-generation.test.ts (15 tests | 2 failed) 12226ms
   Ã— Embedding Generation Test Suite > Retry Logic > should automatically retry failed embeddings with exponential backoff 5008ms
     â†’ expected [ 'completed' ] to include 'retry'
   âœ“ Embedding Generation Test Suite > Concurrent Uploads > should respect MAX_CONCURRENT_UPLOADS limit 1001ms
   Ã— Embedding Generation Test Suite > Network Interruption Recovery > should recover from network interruption and resume processing 6002ms
     â†’ Timeout waiting for queue event after 5000ms
stdout | __tests__/e2e/large-batch-upload.spec.ts > Large Batch Upload Performance Test > should handle 100 simultaneous files within performance targets
=== Large Batch Upload Performance Results ===
Total Files: 100
Total Time: 17.97s
Average Upload Time: 1.04s
Success Rate: 97.0%
Failure Rate: 3.0%
Peak Memory: 130.0MB
Average Memory: 126.8MB
Throughput: 5.40 files/sec

 âœ“ __tests__/e2e/large-batch-upload.spec.ts (6 tests) 47928ms
   âœ“ Large Batch Upload Performance Test > should handle 100 simultaneous files within performance targets 18033ms
   âœ“ Large Batch Upload Performance Test > should maintain responsive UI during large batch upload 9627ms
   âœ“ Large Batch Upload Performance Test > should handle memory efficiently with cleanup 9753ms
   âœ“ Large Batch Upload Performance Test > should handle mixed file sizes appropriately 6431ms
   âœ“ Large Batch Upload Performance Test > should recover from failures gracefully 4082ms

â¯â¯â¯â¯â¯â¯ Failed Suites 7 â¯â¯â¯â¯â¯â¯â¯

 FAIL  __tests__/api/asset-crud.test.ts [ __tests__/api/asset-crud.test.ts ]
 FAIL  __tests__/api/assets.test.ts [ __tests__/api/assets.test.ts ]
 FAIL  __tests__/integration/upload-flow.test.ts [ __tests__/integration/upload-flow.test.ts ]
Error: [vitest] There was an error when mocking a module. If you are using "vi.mock" factory, make sure there are no top level variables inside, since this call is hoisted to top of the file. Read more: https://vitest.dev/api/vi.html#vi-mock
 â¯ lib/auth/server.ts:2:31
      1| import { isMockMode } from '../env';
      2| import { getOrCreateUser } from '../db';
       |                               ^
      3| 
      4| interface AuthResult {

Caused by: Error: Cannot find module '../utils/test-helpers'
Require stack:
- /Users/phaedrus/Development/sploot/__tests__/api/asset-crud.test.ts
 â¯ __tests__/api/asset-crud.test.ts:7:19

â¯â¯â¯â¯â¯â¯â¯â¯â¯â¯â¯â¯â¯â¯â¯â¯â¯â¯â¯â¯â¯â¯â¯â¯â¯â¯â¯â¯â¯â¯
Serialized Error: { code: 'MODULE_NOT_FOUND', requireStack: [ '/Users/phaedrus/Development/sploot/__tests__/api/asset-crud.test.ts' ] }
â¯â¯â¯â¯â¯â¯â¯â¯â¯â¯â¯â¯â¯â¯â¯â¯â¯â¯â¯â¯â¯â¯â¯[1/35]â¯

 FAIL  __tests__/api/cache-stats.test.ts [ __tests__/api/cache-stats.test.ts ]
Error: Cannot find module '@/lib/multi-layer-cache'
Require stack:
- /Users/phaedrus/Development/sploot/__tests__/api/cache-stats.test.ts
 â¯ __tests__/api/cache-stats.test.ts:15:55
     13| 
     14| const mockAuth = require('@clerk/nextjs/server').auth;
     15| const { createMultiLayerCache, getMultiLayerCache } = require('@/lib/mâ€¦
       |                                                       ^
     16| 
     17| describe('/api/cache/stats', () => {

â¯â¯â¯â¯â¯â¯â¯â¯â¯â¯â¯â¯â¯â¯â¯â¯â¯â¯â¯â¯â¯â¯â¯[2/35]â¯

 FAIL  __tests__/api/search-advanced.test.ts [ __tests__/api/search-advanced.test.ts ]
Error: [vitest] There was an error when mocking a module. If you are using "vi.mock" factory, make sure there are no top level variables inside, since this call is hoisted to top of the file. Read more: https://vitest.dev/api/vi.html#vi-mock
 â¯ app/api/search/advanced/route.ts:2:31
      1| import { NextRequest, NextResponse } from 'next/server';
      2| import { prisma, databaseAvailable } from '@/lib/db';
       |                               ^
      3| import { createEmbeddingService, EmbeddingError } from '@/lib/embeddinâ€¦
      4| import { createMultiLayerCache, getMultiLayerCache } from '@/lib/multiâ€¦

Caused by: Error: Cannot find module '../utils/test-helpers'
Require stack:
- /Users/phaedrus/Development/sploot/__tests__/api/search-advanced.test.ts
 â¯ __tests__/api/search-advanced.test.ts:7:19

â¯â¯â¯â¯â¯â¯â¯â¯â¯â¯â¯â¯â¯â¯â¯â¯â¯â¯â¯â¯â¯â¯â¯â¯â¯â¯â¯â¯â¯â¯
Serialized Error: { code: 'MODULE_NOT_FOUND', requireStack: [ '/Users/phaedrus/Development/sploot/__tests__/api/search-advanced.test.ts' ] }
â¯â¯â¯â¯â¯â¯â¯â¯â¯â¯â¯â¯â¯â¯â¯â¯â¯â¯â¯â¯â¯â¯â¯[3/35]â¯

 FAIL  __tests__/api/search.test.ts [ __tests__/api/search.test.ts ]
 FAIL  __tests__/integration/search-flow.test.ts [ __tests__/integration/search-flow.test.ts ]
Error: [vitest] There was an error when mocking a module. If you are using "vi.mock" factory, make sure there are no top level variables inside, since this call is hoisted to top of the file. Read more: https://vitest.dev/api/vi.html#vi-mock
 â¯ app/api/search/route.ts:2:31
      1| import { NextRequest, NextResponse } from 'next/server';
      2| import { prisma, databaseAvailable, vectorSearch, logSearch } from '@/â€¦
       |                               ^
      3| import { createEmbeddingService, EmbeddingError } from '@/lib/embeddinâ€¦
      4| import { createMultiLayerCache, getMultiLayerCache } from '@/lib/multiâ€¦

Caused by: Error: Cannot find module '../utils/test-helpers'
Require stack:
- /Users/phaedrus/Development/sploot/__tests__/api/search.test.ts
 â¯ __tests__/api/search.test.ts:7:19

â¯â¯â¯â¯â¯â¯â¯â¯â¯â¯â¯â¯â¯â¯â¯â¯â¯â¯â¯â¯â¯â¯â¯â¯â¯â¯â¯â¯â¯â¯
Serialized Error: { code: 'MODULE_NOT_FOUND', requireStack: [ '/Users/phaedrus/Development/sploot/__tests__/api/search.test.ts' ] }
â¯â¯â¯â¯â¯â¯â¯â¯â¯â¯â¯â¯â¯â¯â¯â¯â¯â¯â¯â¯â¯â¯â¯[4/35]â¯

â¯â¯â¯â¯â¯â¯ Failed Tests 28 â¯â¯â¯â¯â¯â¯â¯

 FAIL  __tests__/api/upload-preflight.test.ts > /api/upload/check > POST > should return exists=true with asset data when duplicate found
AssertionError: expected { id: 'asset-123', â€¦(10) } to deeply equal { id: 'asset-123', â€¦(10) }

- Expected
+ Received

  Object {
    "blobUrl": "https://blob.example.com/asset.jpg",
    "checksumSha256": "aaaaaaaaaaaaaaaaaaaaaaaaaaaaaaaaaaaaaaaaaaaaaaaaaaaaaaaaaaaaaaaa",
-   "createdAt": "2024-01-01T00:00:00.000Z",
+   "createdAt": 2024-01-01T00:00:00.000Z,
    "hasEmbedding": true,
    "height": 600,
    "id": "asset-123",
    "mime": "image/jpeg",
    "pathname": "/uploads/asset.jpg",
    "size": 1024,
    "thumbnailUrl": "https://blob.example.com/asset-thumb.jpg",
    "width": 800,
  }

 â¯ __tests__/api/upload-preflight.test.ts:73:26
     71|       expect(response.status).toBe(200);
     72|       expect(data.exists).toBe(true);
     73|       expect(data.asset).toEqual({
       |                          ^
     74|         id: 'asset-123',
     75|         blobUrl: 'https://blob.example.com/asset.jpg',

â¯â¯â¯â¯â¯â¯â¯â¯â¯â¯â¯â¯â¯â¯â¯â¯â¯â¯â¯â¯â¯â¯â¯[5/35]â¯

 FAIL  __tests__/api/upload-preflight.test.ts > /api/upload/check > POST > should handle database unavailable
ReferenceError: jest is not defined
 â¯ __tests__/api/upload-preflight.test.ts:138:7
    136|     it('should handle database unavailable', async () => {
    137|       // Mock database unavailable by mocking the module
    138|       jest.doMock('@/lib/db', () => ({
       |       ^
    139|         databaseAvailable: false,
    140|         prisma: null,

â¯â¯â¯â¯â¯â¯â¯â¯â¯â¯â¯â¯â¯â¯â¯â¯â¯â¯â¯â¯â¯â¯â¯[6/35]â¯

 FAIL  __tests__/api/upload-preflight.test.ts > Client-side checksum utilities > should calculate SHA256 checksum
TypeError: file.arrayBuffer is not a function
 â¯ calculateSHA256 lib/checksum.ts:12:29
     10| export async function calculateSHA256(file: File | Blob): Promise<striâ€¦
     11|   // Read file as ArrayBuffer
     12|   const buffer = await file.arrayBuffer();
       |                             ^
     13| 
     14|   // Calculate SHA-256 hash using Web Crypto API
 â¯ __tests__/api/upload-preflight.test.ts:205:28

â¯â¯â¯â¯â¯â¯â¯â¯â¯â¯â¯â¯â¯â¯â¯â¯â¯â¯â¯â¯â¯â¯â¯[7/35]â¯

 FAIL  __tests__/api/upload-url.test.ts > /api/upload-url > POST > should return 401 if user is not authenticated
TypeError: mockAuth.mockResolvedValue is not a function
 â¯ __tests__/api/upload-url.test.ts:24:16
     22|   describe('POST', () => {
     23|     it('should return 401 if user is not authenticated', async () => {
     24|       mockAuth.mockResolvedValue({ userId: null });
       |                ^
     25| 
     26|       const request = createMockRequest('POST', {

â¯â¯â¯â¯â¯â¯â¯â¯â¯â¯â¯â¯â¯â¯â¯â¯â¯â¯â¯â¯â¯â¯â¯[8/35]â¯

 FAIL  __tests__/api/upload-url.test.ts > /api/upload-url > POST > should return 400 if filename is missing
TypeError: mockAuth.mockResolvedValue is not a function
 â¯ __tests__/api/upload-url.test.ts:40:16
     38| 
     39|     it('should return 400 if filename is missing', async () => {
     40|       mockAuth.mockResolvedValue({ userId: 'test-user-id' });
       |                ^
     41| 
     42|       const request = createMockRequest('POST', {

â¯â¯â¯â¯â¯â¯â¯â¯â¯â¯â¯â¯â¯â¯â¯â¯â¯â¯â¯â¯â¯â¯â¯[9/35]â¯

 FAIL  __tests__/api/upload-url.test.ts > /api/upload-url > POST > should return 400 if mimeType is missing
TypeError: mockAuth.mockResolvedValue is not a function
 â¯ __tests__/api/upload-url.test.ts:55:16
     53| 
     54|     it('should return 400 if mimeType is missing', async () => {
     55|       mockAuth.mockResolvedValue({ userId: 'test-user-id' });
       |                ^
     56| 
     57|       const request = createMockRequest('POST', {

â¯â¯â¯â¯â¯â¯â¯â¯â¯â¯â¯â¯â¯â¯â¯â¯â¯â¯â¯â¯â¯â¯[10/35]â¯

 FAIL  __tests__/api/upload-url.test.ts > /api/upload-url > POST > should return 400 for invalid file type
TypeError: mockAuth.mockResolvedValue is not a function
 â¯ __tests__/api/upload-url.test.ts:70:16
     68| 
     69|     it('should return 400 for invalid file type', async () => {
     70|       mockAuth.mockResolvedValue({ userId: 'test-user-id' });
       |                ^
     71| 
     72|       const request = createMockRequest('POST', {

â¯â¯â¯â¯â¯â¯â¯â¯â¯â¯â¯â¯â¯â¯â¯â¯â¯â¯â¯â¯â¯â¯[11/35]â¯

 FAIL  __tests__/api/upload-url.test.ts > /api/upload-url > POST > should successfully generate upload URL for valid image
TypeError: mockAuth.mockResolvedValue is not a function
 â¯ __tests__/api/upload-url.test.ts:86:16
     84| 
     85|     it('should successfully generate upload URL for valid image', asynâ€¦
     86|       mockAuth.mockResolvedValue({ userId: 'test-user-id' });
       |                ^
     87|       mockPut.mockResolvedValue({
     88|         url: 'https://example.blob.vercel-storage.com/test-123.jpg',

â¯â¯â¯â¯â¯â¯â¯â¯â¯â¯â¯â¯â¯â¯â¯â¯â¯â¯â¯â¯â¯â¯[12/35]â¯

 FAIL  __tests__/api/upload-url.test.ts > /api/upload-url > POST > should handle different valid image types
TypeError: mockAuth.mockResolvedValue is not a function
 â¯ __tests__/api/upload-url.test.ts:118:16
    116| 
    117|     it('should handle different valid image types', async () => {
    118|       mockAuth.mockResolvedValue({ userId: 'test-user-id' });
       |                ^
    119|       mockPut.mockResolvedValue({
    120|         url: 'https://example.blob.vercel-storage.com/test-123.png',

â¯â¯â¯â¯â¯â¯â¯â¯â¯â¯â¯â¯â¯â¯â¯â¯â¯â¯â¯â¯â¯â¯[13/35]â¯

 FAIL  __tests__/api/upload-url.test.ts > /api/upload-url > POST > should handle blob storage errors gracefully
TypeError: mockAuth.mockResolvedValue is not a function
 â¯ __tests__/api/upload-url.test.ts:149:16
    147| 
    148|     it('should handle blob storage errors gracefully', async () => {
    149|       mockAuth.mockResolvedValue({ userId: 'test-user-id' });
       |                ^
    150|       mockPut.mockRejectedValue(new Error('Storage error'));
    151| 

â¯â¯â¯â¯â¯â¯â¯â¯â¯â¯â¯â¯â¯â¯â¯â¯â¯â¯â¯â¯â¯â¯[14/35]â¯

 FAIL  __tests__/e2e/batch-upload.spec.ts > E2E: Batch Upload > should handle concurrent uploads efficiently
AssertionError: expected 5 to be less than or equal to 3
 â¯ __tests__/e2e/batch-upload.spec.ts:445:27
    443|     // Should handle concurrent uploads (max 3 based on implementation)
    444|     expect(maxConcurrent).toBeGreaterThan(1); // Confirms parallelism
    445|     expect(maxConcurrent).toBeLessThanOrEqual(3); // Respects concurreâ€¦
       |                           ^
    446|   });
    447| 

â¯â¯â¯â¯â¯â¯â¯â¯â¯â¯â¯â¯â¯â¯â¯â¯â¯â¯â¯â¯â¯â¯[15/35]â¯

 FAIL  __tests__/embeddings/embedding-generation.test.ts > Embedding Generation Test Suite > Retry Logic > should automatically retry failed embeddings with exponential backoff
AssertionError: expected [ 'completed' ] to include 'retry'
 â¯ it.timeout __tests__/embeddings/embedding-generation.test.ts:269:31
    267|       // Should have retry events
    268|       const retryEventTypes = retryEvents.map(e => e.type);
    269|       expect(retryEventTypes).toContain('retry');
       |                               ^
    270| 
    271|       // Check exponential backoff timing

â¯â¯â¯â¯â¯â¯â¯â¯â¯â¯â¯â¯â¯â¯â¯â¯â¯â¯â¯â¯â¯â¯[16/35]â¯

 FAIL  __tests__/embeddings/embedding-generation.test.ts > Embedding Generation Test Suite > Network Interruption Recovery > should recover from network interruption and resume processing
Error: Timeout waiting for queue event after 5000ms
 â¯ Timeout._onTimeout __tests__/utils/test-helpers.ts:279:20
    277|   return new Promise((resolve, reject) => {
    278|     const timer = setTimeout(
    279|       () => reject(new Error(`Timeout waiting for queue event after ${â€¦
       |                    ^
    280|       timeout
    281|     );

â¯â¯â¯â¯â¯â¯â¯â¯â¯â¯â¯â¯â¯â¯â¯â¯â¯â¯â¯â¯â¯â¯[17/35]â¯

 FAIL  __tests__/integration/user-journey.test.ts > E2E: user journey in mock mode > allows upload, favorite toggling, and semantic search
AssertionError: expected 500 to be 200 // Object.is equality

- Expected
+ Received

- 200
+ 500

 â¯ __tests__/integration/user-journey.test.ts:66:30
     64| 
     65|     const uploadRes = await uploadUrlPOST(uploadReq);
     66|     expect(uploadRes.status).toBe(200);
       |                              ^
     67|     const uploadData = await uploadRes.json();
     68|     expect(uploadData.pathname).toBeDefined();

â¯â¯â¯â¯â¯â¯â¯â¯â¯â¯â¯â¯â¯â¯â¯â¯â¯â¯â¯â¯â¯â¯[18/35]â¯

 FAIL  __tests__/lib/db-asset-exists.test.ts > assetExists > when asset exists > should return typed asset metadata
TypeError: assetExists is not a function
 â¯ __tests__/lib/db-asset-exists.test.ts:55:28
     53|       mockPrisma.asset.findFirst.mockResolvedValue(mockAsset);
     54| 
     55|       const result = await assetExists(mockUserId, mockChecksum);
       |                            ^
     56| 
     57|       expect(result).toEqual({

â¯â¯â¯â¯â¯â¯â¯â¯â¯â¯â¯â¯â¯â¯â¯â¯â¯â¯â¯â¯â¯â¯[19/35]â¯

 FAIL  __tests__/lib/db-asset-exists.test.ts > assetExists > when asset exists > should use transaction when provided
TypeError: assetExists is not a function
 â¯ __tests__/lib/db-asset-exists.test.ts:81:13
     79|       mockTx.asset.findFirst.mockResolvedValue(mockAsset);
     80| 
     81|       await assetExists(mockUserId, mockChecksum, { tx: mockTx as any â€¦
       |             ^
     82| 
     83|       expect(mockTx.asset.findFirst).toHaveBeenCalledTimes(1);

â¯â¯â¯â¯â¯â¯â¯â¯â¯â¯â¯â¯â¯â¯â¯â¯â¯â¯â¯â¯â¯â¯[20/35]â¯

 FAIL  __tests__/lib/db-asset-exists.test.ts > assetExists > when asset exists > should include embedding flag when requested
TypeError: assetExists is not a function
 â¯ __tests__/lib/db-asset-exists.test.ts:95:28
     93|       });
     94| 
     95|       const result = await assetExists(mockUserId, mockChecksum, { incâ€¦
       |                            ^
     96| 
     97|       expect(result?.hasEmbedding).toBe(true);

â¯â¯â¯â¯â¯â¯â¯â¯â¯â¯â¯â¯â¯â¯â¯â¯â¯â¯â¯â¯â¯â¯[21/35]â¯

 FAIL  __tests__/lib/db-asset-exists.test.ts > assetExists > when asset does not exist > should return null
TypeError: assetExists is not a function
 â¯ __tests__/lib/db-asset-exists.test.ts:105:28
    103|       mockPrisma.asset.findFirst.mockResolvedValue(null);
    104| 
    105|       const result = await assetExists(mockUserId, mockChecksum);
       |                            ^
    106| 
    107|       expect(result).toBeNull();

â¯â¯â¯â¯â¯â¯â¯â¯â¯â¯â¯â¯â¯â¯â¯â¯â¯â¯â¯â¯â¯â¯[22/35]â¯

 FAIL  __tests__/lib/db-asset-exists.test.ts > assetExists > error handling > should throw when database error occurs
TypeError: assetExists is not a function
 â¯ __tests__/lib/db-asset-exists.test.ts:115:20
    113|       mockPrisma.asset.findFirst.mockRejectedValue(new Error('Databaseâ€¦
    114| 
    115|       await expect(assetExists(mockUserId, mockChecksum)).rejects.toThâ€¦
       |                    ^
    116|     });
    117|   });

â¯â¯â¯â¯â¯â¯â¯â¯â¯â¯â¯â¯â¯â¯â¯â¯â¯â¯â¯â¯â¯â¯[23/35]â¯

 FAIL  __tests__/lib/db-asset-exists.test.ts > findOrCreateAsset > when asset does not exist > should create new asset
TypeError: findOrCreateAsset is not a function
 â¯ __tests__/lib/db-asset-exists.test.ts:160:28
    158|       });
    159| 
    160|       const result = await findOrCreateAsset(mockUserId, mockAssetDataâ€¦
       |                            ^
    161| 
    162|       expect(result).toEqual({

â¯â¯â¯â¯â¯â¯â¯â¯â¯â¯â¯â¯â¯â¯â¯â¯â¯â¯â¯â¯â¯â¯[24/35]â¯

 FAIL  __tests__/lib/db-asset-exists.test.ts > findOrCreateAsset > when asset already exists > should return existing asset
TypeError: findOrCreateAsset is not a function
 â¯ __tests__/lib/db-asset-exists.test.ts:199:28
    197|       });
    198| 
    199|       const result = await findOrCreateAsset(mockUserId, mockAssetDataâ€¦
       |                            ^
    200| 
    201|       expect(mockTxAsset.create).not.toHaveBeenCalled();

â¯â¯â¯â¯â¯â¯â¯â¯â¯â¯â¯â¯â¯â¯â¯â¯â¯â¯â¯â¯â¯â¯[25/35]â¯

 FAIL  __tests__/lib/db-asset-exists.test.ts > findOrCreateAsset > race condition handling > should handle unique constraint violation
TypeError: findOrCreateAsset is not a function
 â¯ __tests__/lib/db-asset-exists.test.ts:238:28
    236|       });
    237| 
    238|       const result = await findOrCreateAsset(mockUserId, mockAssetDataâ€¦
       |                            ^
    239| 
    240|       expect(result.id).toBe('raceAsset123');

â¯â¯â¯â¯â¯â¯â¯â¯â¯â¯â¯â¯â¯â¯â¯â¯â¯â¯â¯â¯â¯â¯[26/35]â¯

 FAIL  __tests__/lib/db-asset-exists.test.ts > findOrCreateAsset > race condition handling > should throw on other errors
TypeError: findOrCreateAsset is not a function
 â¯ __tests__/lib/db-asset-exists.test.ts:247:20
    245|       mockPrisma.$transaction.mockRejectedValue(new Error('Unexpected â€¦
    246| 
    247|       await expect(findOrCreateAsset(mockUserId, mockAssetData)).rejecâ€¦
       |                    ^
    248|     });
    249|   });

â¯â¯â¯â¯â¯â¯â¯â¯â¯â¯â¯â¯â¯â¯â¯â¯â¯â¯â¯â¯â¯â¯[27/35]â¯

 FAIL  __tests__/lib/distributed-queue.test.ts > DistributedQueue > Priority Processing > should maintain FIFO order within same priority
AssertionError: expected [ 'normal-1', 'normal-3' ] to deeply equal [ 'normal-1', 'normal-2', 'normal-3' ]

- Expected
+ Received

  Array [
    "normal-1",
-   "normal-2",
    "normal-3",
  ]

 â¯ __tests__/lib/distributed-queue.test.ts:74:25
     72|       await queue.processNext();
     73| 
     74|       expect(processed).toEqual(['normal-1', 'normal-2', 'normal-3']);
       |                         ^
     75|     });
     76|   });

â¯â¯â¯â¯â¯â¯â¯â¯â¯â¯â¯â¯â¯â¯â¯â¯â¯â¯â¯â¯â¯â¯[28/35]â¯

 FAIL  __tests__/lib/distributed-queue.test.ts > DistributedQueue > Retry Logic > should move items to dead letter queue after max retries
AssertionError: expected +0 to be 1 // Object.is equality

- Expected
+ Received

- 1
+ 0

 â¯ __tests__/lib/distributed-queue.test.ts:126:28
    124| 
    125|       const metrics = queue.getMetrics();
    126|       expect(metrics.dead).toBe(1);
       |                            ^
    127|       expect(metrics.failureCount).toBe(1);
    128| 

â¯â¯â¯â¯â¯â¯â¯â¯â¯â¯â¯â¯â¯â¯â¯â¯â¯â¯â¯â¯â¯â¯[29/35]â¯

 FAIL  __tests__/lib/distributed-queue.test.ts > DistributedQueue > Retry Logic > should not retry invalid errors
AssertionError: expected +0 to be 1 // Object.is equality

- Expected
+ Received

- 1
+ 0

 â¯ __tests__/lib/distributed-queue.test.ts:152:28
    150|       // Should immediately go to dead letter
    151|       const metrics = queue.getMetrics();
    152|       expect(metrics.dead).toBe(1);
       |                            ^
    153|       expect(failingExecutor).toHaveBeenCalledTimes(1);
    154|     });

â¯â¯â¯â¯â¯â¯â¯â¯â¯â¯â¯â¯â¯â¯â¯â¯â¯â¯â¯â¯â¯â¯[30/35]â¯

 FAIL  __tests__/lib/distributed-queue.test.ts > DistributedQueue > Dead Letter Queue > should allow retrying dead letter items
AssertionError: expected +0 to be 1 // Object.is equality

- Expected
+ Received

- 1
+ 0

 â¯ __tests__/lib/distributed-queue.test.ts:171:39
    169|       }
    170| 
    171|       expect(queue.getMetrics().dead).toBe(1);
       |                                       ^
    172| 
    173|       // Retry from dead letter

â¯â¯â¯â¯â¯â¯â¯â¯â¯â¯â¯â¯â¯â¯â¯â¯â¯â¯â¯â¯â¯â¯[31/35]â¯

 FAIL  __tests__/lib/distributed-queue.test.ts > DistributedQueue > Metrics > should track success metrics
AssertionError: expected 0 to be greater than 0
 â¯ __tests__/lib/distributed-queue.test.ts:222:41
    220|       expect(metrics.successCount).toBe(2);
    221|       expect(metrics.failureCount).toBe(0);
    222|       expect(metrics.avgProcessingTime).toBeGreaterThan(0);
       |                                         ^
    223|     });
    224| 

â¯â¯â¯â¯â¯â¯â¯â¯â¯â¯â¯â¯â¯â¯â¯â¯â¯â¯â¯â¯â¯â¯[32/35]â¯

 Test Files  14 failed | 13 passed (27)
      Tests  28 failed | 288 passed (316)
   Start at  14:27:24
   Duration  49.08s (transform 433ms, setup 2.31s, collect 678ms, tests 64.64s, environment 5.00s, prepare 934ms)

 FAIL  Tests failed. Watching for file changes...
       press h to show help, press q to quit
